[01m[K/home/lijiaqian/prak_ws/src/telemanipulator/src/pivot_to_twiststamped.cpp:[m[K In member function â€˜[01m[Kvoid telemanipulator::PivotToTwist::twist_pub()[m[Kâ€™:
[01m[K/home/lijiaqian/prak_ws/src/telemanipulator/src/pivot_to_twiststamped.cpp:164:43:[m[K [01;31m[Kerror: [m[Kâ€˜[01m[Kresult_file[m[Kâ€™ was not declared in this scope
  164 |                 write_result(eulerAngles, [01;31m[Kresult_file[m[K);
      |                                           [01;31m[K^~~~~~~~~~~[m[K
make[2]: *** [CMakeFiles/pivot_to_twist.dir/build.make:63: CMakeFiles/pivot_to_twist.dir/src/pivot_to_twiststamped.cpp.o] Error 1
make[1]: *** [CMakeFiles/Makefile2:138: CMakeFiles/pivot_to_twist.dir/all] Error 2
make: *** [Makefile:141: all] Error 2
